{
  "profileName": "normabot",
  "jobId": "87774915-d73b-43d9-81cc-28be06497da8",
  "projectId": "9402.004629573214",
  "time": "2021-03-10T06:53:35.839Z",
  "log": [
    "Creating Azure resources...",
    "Checking the Existence of the Resource Group ...",
    "Creating Resource Group ...",
    "> Creating App Registration ...",
    "Start to add password for App, Id : ca1a5a0e-df47-4e2a-adbe-66d78bdca0e0",
    "> Create App Registration Success! ID: ca1a5a0e-df47-4e2a-adbe-66d78bdca0e0",
    "Deploying Web App Resource ...",
    "Deploying Bot Resource ...",
    "Deploying Application Insights Resource ...",
    "> Linking Application Insights settings to Bot Service ...",
    "> AppInsights AppId: e69eb494-eb54-44f3-86ec-8ec304e3ea73 ...",
    "> AppInsights InstrumentationKey: 7554e0f2-ed6c-4b1c-86f2-ec0b15a211f1 ...",
    "> AppInsights ApiKey: f5kjpsu1vt44jmy2asrjk1t103tmu23inenjxvbb ...",
    "> Linking Application Insights settings to Bot Service Success!",
    "Deploying Luis Authoring Resource ...",
    "{\"stack\":\"Error: Insufficient quota. Cannot create/update/move resource 'normaecommercebot-luis-authoring'.\\n    at new t (C:\\\\Users\\\\deepm\\\\AppData\\\\Local\\\\Programs\\\\Bot Framework Composer\\\\resources\\\\app.asar.unpacked\\\\extensions\\\\azurePublish\\\\lib\\\\node\\\\index.js:16:37408)\\n    at C:\\\\Users\\\\deepm\\\\AppData\\\\Local\\\\Programs\\\\Bot Framework Composer\\\\resources\\\\app.asar.unpacked\\\\extensions\\\\azurePublish\\\\lib\\\\node\\\\index.js:18:103741\",\"message\":\"Insufficient quota. Cannot create/update/move resource 'normaecommercebot-luis-authoring'.\",\"code\":\"InsufficientQuota\",\"statusCode\":400,\"request\":{\"body\":\"{\\\"kind\\\":\\\"LUIS.Authoring\\\",\\\"location\\\":\\\"westus\\\",\\\"sku\\\":{\\\"name\\\":\\\"F0\\\"}}\"},\"response\":{\"body\":\"{\\\"error\\\":{\\\"code\\\":\\\"InsufficientQuota\\\",\\\"message\\\":\\\"Insufficient quota. Cannot create/update/move resource 'normaecommercebot-luis-authoring'.\\\"}}\"},\"body\":{}}",
    "{\"name\":\"CREATE_LUIS_AUTHORING_RESOURCE_ERROR\",\"message\":\"Error - Insufficient quota. Cannot create/update/move resource 'normaecommercebot-luis-authoring'.\",\"stack\":\"Error\\n    at new n (C:\\\\Users\\\\deepm\\\\AppData\\\\Local\\\\Programs\\\\Bot Framework Composer\\\\resources\\\\app.asar.unpacked\\\\extensions\\\\azurePublish\\\\lib\\\\node\\\\index.js:18:97996)\\n    at Object.t.createCustomizeError (C:\\\\Users\\\\deepm\\\\AppData\\\\Local\\\\Programs\\\\Bot Framework Composer\\\\resources\\\\app.asar.unpacked\\\\extensions\\\\azurePublish\\\\lib\\\\node\\\\index.js:18:98326)\\n    at e.<anonymous> (C:\\\\Users\\\\deepm\\\\AppData\\\\Local\\\\Programs\\\\Bot Framework Composer\\\\resources\\\\app.asar.unpacked\\\\extensions\\\\azurePublish\\\\lib\\\\node\\\\index.js:479:15777)\\n    at C:\\\\Users\\\\deepm\\\\AppData\\\\Local\\\\Programs\\\\Bot Framework Composer\\\\resources\\\\app.asar.unpacked\\\\extensions\\\\azurePublish\\\\lib\\\\node\\\\index.js:479:12347\\n    at Object.throw (C:\\\\Users\\\\deepm\\\\AppData\\\\Local\\\\Programs\\\\Bot Framework Composer\\\\resources\\\\app.asar.unpacked\\\\extensions\\\\azurePublish\\\\lib\\\\node\\\\index.js:479:12452)\\n    at s (C:\\\\Users\\\\deepm\\\\AppData\\\\Local\\\\Programs\\\\Bot Framework Composer\\\\resources\\\\app.asar.unpacked\\\\extensions\\\\azurePublish\\\\lib\\\\node\\\\index.js:479:11217)\"}",
    "CREATE_LUIS_AUTHORING_RESOURCE_ERROR - Error - Insufficient quota. Cannot create/update/move resource 'normaecommercebot-luis-authoring'.\n        detail message can see provision.normabot.log in your bot folder"
  ]
}
